<html>
<head>
<title>TestNG:  Command line test</title>
<link href="../testng.css" rel="stylesheet" type="text/css" />
<link href="../my-testng.css" rel="stylesheet" type="text/css" />

<style type="text/css">
.log { display: none;} 
.stack-trace { display: none;} 
</style>
<script type="text/javascript">
<!--
function flip(e) {
  current = e.style.display;
  if (current == 'block') {
    e.style.display = 'none';
    return 0;
  }
  else {
    e.style.display = 'block';
    return 1;
  }
}

function toggleBox(szDivId, elem, msg1, msg2)
{
  var res = -1;  if (document.getElementById) {
    res = flip(document.getElementById(szDivId));
  }
  else if (document.all) {
    // this is the way old msie versions work
    res = flip(document.all[szDivId]);
  }
  if(elem) {
    if(res == 0) elem.innerHTML = msg1; else elem.innerHTML = msg2;
  }

}

function toggleAllBoxes() {
  if (document.getElementsByTagName) {
    d = document.getElementsByTagName('div');
    for (i = 0; i < d.length; i++) {
      if (d[i].className == 'log') {
        flip(d[i]);
      }
    }
  }
}

// -->
</script>

</head>
<body>
<h2 align='center'>Command line test</h2><table border='1' align="center">
<tr>
<td>Tests passed/Failed/Skipped:</td><td>40/3/0</td>
</tr><tr>
<td>Started on:</td><td>Sun Mar 24 12:53:10 EDT 2019</td>
</tr>
<tr><td>Total time:</td><td>205 seconds (205207 ms)</td>
</tr><tr>
<td>Included groups:</td><td></td>
</tr><tr>
<td>Excluded groups:</td><td></td>
</tr>
</table><p/>
<small><i>(Hover the method name to see the test class name)</i></small><p/>
<table width='100%' border='1' class='invocation-failed'>
<tr><td colspan='4' align='center'><b>FAILED TESTS</b></td></tr>
<tr><td><b>Test method</b></td>
<td width="30%"><b>Exception</b></td>
<td width="10%"><b>Time (seconds)</b></td>
<td><b>Instance</b></td>
</tr>
<tr>
<td title='TestHomePage.TestAmazonSigin.setclickSigin()'><b>setclickSigin</b><br>Test class: TestHomePage.TestAmazonSigin</td>
<td><div><pre>org.openqa.selenium.NoSuchElementException: no such element: Unable to locate element: {&quot;method&quot;:&quot;id&quot;,&quot;selector&quot;:&quot;signInSubmit&quot;}
  (Session info: chrome=72.0.3626.121)
  (Driver info: chromedriver=2.46.628411 (3324f4c8be9ff2f70a05a30ebc72ffb013e1a71e),platform=Mac OS X 10.14.3 x86_64) (WARNING: The server did not provide any stacktrace information)
Command duration or timeout: 30.08 seconds
For documentation on this error, please visit: http://seleniumhq.org/exceptions/no_such_element.html
Build info: version: &apos;3.4.0&apos;, revision: &apos;unknown&apos;, time: &apos;unknown&apos;
System info: host: &apos;MacBook-Pro.fios-router.home&apos;, ip: &apos;fe80:0:0:0:14c9:3b2c:4db8:85ea%en0&apos;, os.name: &apos;Mac OS X&apos;, os.arch: &apos;x86_64&apos;, os.version: &apos;10.14.3&apos;, java.version: &apos;1.8.0_202&apos;
Driver info: org.openqa.selenium.chrome.ChromeDriver
Capabilities [{mobileEmulationEnabled=false, timeouts={implicit=0.0, pageLoad=300000.0, script=30000.0}, hasTouchScreen=false, platform=MAC, acceptSslCerts=false, goog:chromeOptions={debuggerAddress=localhost:59698}, acceptInsecureCerts=false, webStorageEnabled=true, browserName=chrome, takesScreenshot=true, javascriptEnabled=true, setWindowRect=true, unexpectedAlertBehaviour=ignore, applicationCacheEnabled=false, rotatable=false, networkConnectionEnabled=false, chrome={chromedriverVersion=2.46.628411 (3324f4c8be9ff2f70a05a30ebc72ffb013e1a71e), userDataDir=/var/folders/tv/k44ynnrn7_db__2ytmglr01h0000gn/T/.org.chromium.Chromium.nBeNhR}, takesHeapSnapshot=true, pageLoadStrategy=normal, strictFileInteractability=false, databaseEnabled=false, handlesAlerts=true, version=72.0.3626.121, browserConnectionEnabled=false, proxy=Proxy(), nativeEvents=true, locationContextEnabled=true, cssSelectorsEnabled=true}]
Session ID: a8522cf7bc4372a050719c20fed27081
*** Element info: {Using=id, value=signInSubmit}
	at org.openqa.selenium.remote.ErrorHandler.createThrowable(ErrorHandler.java:215)
	at org.openqa.selenium.remote.ErrorHandler.throwIfResponseFailed(ErrorHandler.java:167)
	at org.openqa.selenium.remote.RemoteWebDriver.execute(RemoteWebDriver.java:671)
	at org.openqa.selenium.remote.RemoteWebDriver.findElement(RemoteWebDriver.java:410)
	at org.openqa.selenium.remote.RemoteWebDriver.findElementById(RemoteWebDriver.java:453)
	at org.openqa.selenium.By$ById.findElement(By.java:218)
	at org.openqa.selenium.remote.RemoteWebDriver.findElement(RemoteWebDriver.java:402)
	at org.openqa.selenium.support.pagefactory.DefaultElementLocator.findElement(DefaultElementLocator.java:69)
	at org.openqa.selenium.support.pagefactory.internal.LocatingElementHandler.invoke(LocatingElementHandler.java:38)
	at com.sun.proxy.$Proxy6.click(Unknown Source)
	at HomePage.AmazonHomePageSigin.clickSigin(AmazonHomePageSigin.java:36)
	at TestHomePage.TestAmazonSigin.setclickSigin(TestAmazonSigin.java:37)
... Removed 39 stack frames</pre></div><a href='#' onClick='toggleBox("stack-trace810267739", this, "Click to show all stack frames", "Click to hide stack frames")'>Click to show all stack frames</a>
<div class='stack-trace' id='stack-trace810267739'><pre>org.openqa.selenium.NoSuchElementException: no such element: Unable to locate element: {&quot;method&quot;:&quot;id&quot;,&quot;selector&quot;:&quot;signInSubmit&quot;}
  (Session info: chrome=72.0.3626.121)
  (Driver info: chromedriver=2.46.628411 (3324f4c8be9ff2f70a05a30ebc72ffb013e1a71e),platform=Mac OS X 10.14.3 x86_64) (WARNING: The server did not provide any stacktrace information)
Command duration or timeout: 30.08 seconds
For documentation on this error, please visit: http://seleniumhq.org/exceptions/no_such_element.html
Build info: version: &apos;3.4.0&apos;, revision: &apos;unknown&apos;, time: &apos;unknown&apos;
System info: host: &apos;MacBook-Pro.fios-router.home&apos;, ip: &apos;fe80:0:0:0:14c9:3b2c:4db8:85ea%en0&apos;, os.name: &apos;Mac OS X&apos;, os.arch: &apos;x86_64&apos;, os.version: &apos;10.14.3&apos;, java.version: &apos;1.8.0_202&apos;
Driver info: org.openqa.selenium.chrome.ChromeDriver
Capabilities [{mobileEmulationEnabled=false, timeouts={implicit=0.0, pageLoad=300000.0, script=30000.0}, hasTouchScreen=false, platform=MAC, acceptSslCerts=false, goog:chromeOptions={debuggerAddress=localhost:59698}, acceptInsecureCerts=false, webStorageEnabled=true, browserName=chrome, takesScreenshot=true, javascriptEnabled=true, setWindowRect=true, unexpectedAlertBehaviour=ignore, applicationCacheEnabled=false, rotatable=false, networkConnectionEnabled=false, chrome={chromedriverVersion=2.46.628411 (3324f4c8be9ff2f70a05a30ebc72ffb013e1a71e), userDataDir=/var/folders/tv/k44ynnrn7_db__2ytmglr01h0000gn/T/.org.chromium.Chromium.nBeNhR}, takesHeapSnapshot=true, pageLoadStrategy=normal, strictFileInteractability=false, databaseEnabled=false, handlesAlerts=true, version=72.0.3626.121, browserConnectionEnabled=false, proxy=Proxy(), nativeEvents=true, locationContextEnabled=true, cssSelectorsEnabled=true}]
Session ID: a8522cf7bc4372a050719c20fed27081
*** Element info: {Using=id, value=signInSubmit}
	at sun.reflect.NativeConstructorAccessorImpl.newInstance0(Native Method)
	at sun.reflect.NativeConstructorAccessorImpl.newInstance(NativeConstructorAccessorImpl.java:62)
	at sun.reflect.DelegatingConstructorAccessorImpl.newInstance(DelegatingConstructorAccessorImpl.java:45)
	at java.lang.reflect.Constructor.newInstance(Constructor.java:423)
	at org.openqa.selenium.remote.ErrorHandler.createThrowable(ErrorHandler.java:215)
	at org.openqa.selenium.remote.ErrorHandler.throwIfResponseFailed(ErrorHandler.java:167)
	at org.openqa.selenium.remote.RemoteWebDriver.execute(RemoteWebDriver.java:671)
	at org.openqa.selenium.remote.RemoteWebDriver.findElement(RemoteWebDriver.java:410)
	at org.openqa.selenium.remote.RemoteWebDriver.findElementById(RemoteWebDriver.java:453)
	at org.openqa.selenium.By$ById.findElement(By.java:218)
	at org.openqa.selenium.remote.RemoteWebDriver.findElement(RemoteWebDriver.java:402)
	at org.openqa.selenium.support.pagefactory.DefaultElementLocator.findElement(DefaultElementLocator.java:69)
	at org.openqa.selenium.support.pagefactory.internal.LocatingElementHandler.invoke(LocatingElementHandler.java:38)
	at com.sun.proxy.$Proxy6.click(Unknown Source)
	at HomePage.AmazonHomePageSigin.clickSigin(AmazonHomePageSigin.java:36)
	at TestHomePage.TestAmazonSigin.setclickSigin(TestAmazonSigin.java:37)
	at sun.reflect.NativeMethodAccessorImpl.invoke0(Native Method)
	at sun.reflect.NativeMethodAccessorImpl.invoke(NativeMethodAccessorImpl.java:62)
	at sun.reflect.DelegatingMethodAccessorImpl.invoke(DelegatingMethodAccessorImpl.java:43)
	at java.lang.reflect.Method.invoke(Method.java:498)
	at org.testng.internal.MethodInvocationHelper.invokeMethod(MethodInvocationHelper.java:124)
	at org.testng.internal.Invoker.invokeMethod(Invoker.java:583)
	at org.testng.internal.Invoker.invokeTestMethod(Invoker.java:719)
	at org.testng.internal.Invoker.invokeTestMethods(Invoker.java:989)
	at org.testng.internal.TestMethodWorker.invokeTestMethods(TestMethodWorker.java:125)
	at org.testng.internal.TestMethodWorker.run(TestMethodWorker.java:109)
	at org.testng.TestRunner.privateRun(TestRunner.java:648)
	at org.testng.TestRunner.run(TestRunner.java:505)
	at org.testng.SuiteRunner.runTest(SuiteRunner.java:455)
	at org.testng.SuiteRunner.runSequentially(SuiteRunner.java:450)
	at org.testng.SuiteRunner.privateRun(SuiteRunner.java:415)
	at org.testng.SuiteRunner.run(SuiteRunner.java:364)
	at org.testng.SuiteRunnerWorker.runSuite(SuiteRunnerWorker.java:52)
	at org.testng.SuiteRunnerWorker.run(SuiteRunnerWorker.java:84)
	at org.testng.TestNG.runSuitesSequentially(TestNG.java:1208)
	at org.testng.TestNG.runSuitesLocally(TestNG.java:1137)
	at org.testng.TestNG.runSuites(TestNG.java:1049)
	at org.testng.TestNG.run(TestNG.java:1017)
	at org.apache.maven.surefire.testng.TestNGExecutor.run(TestNGExecutor.java:77)
	at org.apache.maven.surefire.testng.TestNGDirectoryTestSuite.executeMulti(TestNGDirectoryTestSuite.java:159)
	at org.apache.maven.surefire.testng.TestNGDirectoryTestSuite.execute(TestNGDirectoryTestSuite.java:99)
	at org.apache.maven.surefire.testng.TestNGProvider.invoke(TestNGProvider.java:106)
	at sun.reflect.NativeMethodAccessorImpl.invoke0(Native Method)
	at sun.reflect.NativeMethodAccessorImpl.invoke(NativeMethodAccessorImpl.java:62)
	at sun.reflect.DelegatingMethodAccessorImpl.invoke(DelegatingMethodAccessorImpl.java:43)
	at java.lang.reflect.Method.invoke(Method.java:498)
	at org.apache.maven.surefire.util.ReflectionUtils.invokeMethodWithArray(ReflectionUtils.java:189)
	at org.apache.maven.surefire.booter.ProviderFactory$ProviderProxy.invoke(ProviderFactory.java:165)
	at org.apache.maven.surefire.booter.ProviderFactory.invokeProvider(ProviderFactory.java:85)
	at org.apache.maven.surefire.booter.ForkedBooter.runSuitesInProcess(ForkedBooter.java:115)
	at org.apache.maven.surefire.booter.ForkedBooter.main(ForkedBooter.java:75)
</pre></div></td>
<td>30</td>
<td>TestHomePage.TestAmazonSigin@2cb4c3ab</td></tr>
<tr>
<td title='TestHomePage.TestAmazonSigin.setgiveEmail()'><b>setgiveEmail</b><br>Test class: TestHomePage.TestAmazonSigin</td>
<td><div><pre>org.openqa.selenium.NoSuchElementException: no such element: Unable to locate element: {&quot;method&quot;:&quot;css selector&quot;,&quot;selector&quot;:&quot;#ap_email&quot;}
  (Session info: chrome=72.0.3626.121)
  (Driver info: chromedriver=2.46.628411 (3324f4c8be9ff2f70a05a30ebc72ffb013e1a71e),platform=Mac OS X 10.14.3 x86_64) (WARNING: The server did not provide any stacktrace information)
Command duration or timeout: 30.05 seconds
For documentation on this error, please visit: http://seleniumhq.org/exceptions/no_such_element.html
Build info: version: &apos;3.4.0&apos;, revision: &apos;unknown&apos;, time: &apos;unknown&apos;
System info: host: &apos;MacBook-Pro.fios-router.home&apos;, ip: &apos;fe80:0:0:0:14c9:3b2c:4db8:85ea%en0&apos;, os.name: &apos;Mac OS X&apos;, os.arch: &apos;x86_64&apos;, os.version: &apos;10.14.3&apos;, java.version: &apos;1.8.0_202&apos;
Driver info: org.openqa.selenium.chrome.ChromeDriver
Capabilities [{mobileEmulationEnabled=false, timeouts={implicit=0.0, pageLoad=300000.0, script=30000.0}, hasTouchScreen=false, platform=MAC, acceptSslCerts=false, goog:chromeOptions={debuggerAddress=localhost:59698}, acceptInsecureCerts=false, webStorageEnabled=true, browserName=chrome, takesScreenshot=true, javascriptEnabled=true, setWindowRect=true, unexpectedAlertBehaviour=ignore, applicationCacheEnabled=false, rotatable=false, networkConnectionEnabled=false, chrome={chromedriverVersion=2.46.628411 (3324f4c8be9ff2f70a05a30ebc72ffb013e1a71e), userDataDir=/var/folders/tv/k44ynnrn7_db__2ytmglr01h0000gn/T/.org.chromium.Chromium.nBeNhR}, takesHeapSnapshot=true, pageLoadStrategy=normal, strictFileInteractability=false, databaseEnabled=false, handlesAlerts=true, version=72.0.3626.121, browserConnectionEnabled=false, proxy=Proxy(), nativeEvents=true, locationContextEnabled=true, cssSelectorsEnabled=true}]
Session ID: a8522cf7bc4372a050719c20fed27081
*** Element info: {Using=css selector, value=#ap_email}
	at org.openqa.selenium.remote.ErrorHandler.createThrowable(ErrorHandler.java:215)
	at org.openqa.selenium.remote.ErrorHandler.throwIfResponseFailed(ErrorHandler.java:167)
	at org.openqa.selenium.remote.RemoteWebDriver.execute(RemoteWebDriver.java:671)
	at org.openqa.selenium.remote.RemoteWebDriver.findElement(RemoteWebDriver.java:410)
	at org.openqa.selenium.remote.RemoteWebDriver.findElementByCssSelector(RemoteWebDriver.java:501)
	at org.openqa.selenium.By$ByCssSelector.findElement(By.java:430)
	at org.openqa.selenium.remote.RemoteWebDriver.findElement(RemoteWebDriver.java:402)
	at org.openqa.selenium.support.pagefactory.DefaultElementLocator.findElement(DefaultElementLocator.java:69)
	at org.openqa.selenium.support.pagefactory.internal.LocatingElementHandler.invoke(LocatingElementHandler.java:38)
	at com.sun.proxy.$Proxy6.sendKeys(Unknown Source)
	at HomePage.AmazonHomePageSigin.giveEmail(AmazonHomePageSigin.java:28)
	at TestHomePage.TestAmazonSigin.setgiveEmail(TestAmazonSigin.java:27)
... Removed 39 stack frames</pre></div><a href='#' onClick='toggleBox("stack-trace685558284", this, "Click to show all stack frames", "Click to hide stack frames")'>Click to show all stack frames</a>
<div class='stack-trace' id='stack-trace685558284'><pre>org.openqa.selenium.NoSuchElementException: no such element: Unable to locate element: {&quot;method&quot;:&quot;css selector&quot;,&quot;selector&quot;:&quot;#ap_email&quot;}
  (Session info: chrome=72.0.3626.121)
  (Driver info: chromedriver=2.46.628411 (3324f4c8be9ff2f70a05a30ebc72ffb013e1a71e),platform=Mac OS X 10.14.3 x86_64) (WARNING: The server did not provide any stacktrace information)
Command duration or timeout: 30.05 seconds
For documentation on this error, please visit: http://seleniumhq.org/exceptions/no_such_element.html
Build info: version: &apos;3.4.0&apos;, revision: &apos;unknown&apos;, time: &apos;unknown&apos;
System info: host: &apos;MacBook-Pro.fios-router.home&apos;, ip: &apos;fe80:0:0:0:14c9:3b2c:4db8:85ea%en0&apos;, os.name: &apos;Mac OS X&apos;, os.arch: &apos;x86_64&apos;, os.version: &apos;10.14.3&apos;, java.version: &apos;1.8.0_202&apos;
Driver info: org.openqa.selenium.chrome.ChromeDriver
Capabilities [{mobileEmulationEnabled=false, timeouts={implicit=0.0, pageLoad=300000.0, script=30000.0}, hasTouchScreen=false, platform=MAC, acceptSslCerts=false, goog:chromeOptions={debuggerAddress=localhost:59698}, acceptInsecureCerts=false, webStorageEnabled=true, browserName=chrome, takesScreenshot=true, javascriptEnabled=true, setWindowRect=true, unexpectedAlertBehaviour=ignore, applicationCacheEnabled=false, rotatable=false, networkConnectionEnabled=false, chrome={chromedriverVersion=2.46.628411 (3324f4c8be9ff2f70a05a30ebc72ffb013e1a71e), userDataDir=/var/folders/tv/k44ynnrn7_db__2ytmglr01h0000gn/T/.org.chromium.Chromium.nBeNhR}, takesHeapSnapshot=true, pageLoadStrategy=normal, strictFileInteractability=false, databaseEnabled=false, handlesAlerts=true, version=72.0.3626.121, browserConnectionEnabled=false, proxy=Proxy(), nativeEvents=true, locationContextEnabled=true, cssSelectorsEnabled=true}]
Session ID: a8522cf7bc4372a050719c20fed27081
*** Element info: {Using=css selector, value=#ap_email}
	at sun.reflect.NativeConstructorAccessorImpl.newInstance0(Native Method)
	at sun.reflect.NativeConstructorAccessorImpl.newInstance(NativeConstructorAccessorImpl.java:62)
	at sun.reflect.DelegatingConstructorAccessorImpl.newInstance(DelegatingConstructorAccessorImpl.java:45)
	at java.lang.reflect.Constructor.newInstance(Constructor.java:423)
	at org.openqa.selenium.remote.ErrorHandler.createThrowable(ErrorHandler.java:215)
	at org.openqa.selenium.remote.ErrorHandler.throwIfResponseFailed(ErrorHandler.java:167)
	at org.openqa.selenium.remote.RemoteWebDriver.execute(RemoteWebDriver.java:671)
	at org.openqa.selenium.remote.RemoteWebDriver.findElement(RemoteWebDriver.java:410)
	at org.openqa.selenium.remote.RemoteWebDriver.findElementByCssSelector(RemoteWebDriver.java:501)
	at org.openqa.selenium.By$ByCssSelector.findElement(By.java:430)
	at org.openqa.selenium.remote.RemoteWebDriver.findElement(RemoteWebDriver.java:402)
	at org.openqa.selenium.support.pagefactory.DefaultElementLocator.findElement(DefaultElementLocator.java:69)
	at org.openqa.selenium.support.pagefactory.internal.LocatingElementHandler.invoke(LocatingElementHandler.java:38)
	at com.sun.proxy.$Proxy6.sendKeys(Unknown Source)
	at HomePage.AmazonHomePageSigin.giveEmail(AmazonHomePageSigin.java:28)
	at TestHomePage.TestAmazonSigin.setgiveEmail(TestAmazonSigin.java:27)
	at sun.reflect.NativeMethodAccessorImpl.invoke0(Native Method)
	at sun.reflect.NativeMethodAccessorImpl.invoke(NativeMethodAccessorImpl.java:62)
	at sun.reflect.DelegatingMethodAccessorImpl.invoke(DelegatingMethodAccessorImpl.java:43)
	at java.lang.reflect.Method.invoke(Method.java:498)
	at org.testng.internal.MethodInvocationHelper.invokeMethod(MethodInvocationHelper.java:124)
	at org.testng.internal.Invoker.invokeMethod(Invoker.java:583)
	at org.testng.internal.Invoker.invokeTestMethod(Invoker.java:719)
	at org.testng.internal.Invoker.invokeTestMethods(Invoker.java:989)
	at org.testng.internal.TestMethodWorker.invokeTestMethods(TestMethodWorker.java:125)
	at org.testng.internal.TestMethodWorker.run(TestMethodWorker.java:109)
	at org.testng.TestRunner.privateRun(TestRunner.java:648)
	at org.testng.TestRunner.run(TestRunner.java:505)
	at org.testng.SuiteRunner.runTest(SuiteRunner.java:455)
	at org.testng.SuiteRunner.runSequentially(SuiteRunner.java:450)
	at org.testng.SuiteRunner.privateRun(SuiteRunner.java:415)
	at org.testng.SuiteRunner.run(SuiteRunner.java:364)
	at org.testng.SuiteRunnerWorker.runSuite(SuiteRunnerWorker.java:52)
	at org.testng.SuiteRunnerWorker.run(SuiteRunnerWorker.java:84)
	at org.testng.TestNG.runSuitesSequentially(TestNG.java:1208)
	at org.testng.TestNG.runSuitesLocally(TestNG.java:1137)
	at org.testng.TestNG.runSuites(TestNG.java:1049)
	at org.testng.TestNG.run(TestNG.java:1017)
	at org.apache.maven.surefire.testng.TestNGExecutor.run(TestNGExecutor.java:77)
	at org.apache.maven.surefire.testng.TestNGDirectoryTestSuite.executeMulti(TestNGDirectoryTestSuite.java:159)
	at org.apache.maven.surefire.testng.TestNGDirectoryTestSuite.execute(TestNGDirectoryTestSuite.java:99)
	at org.apache.maven.surefire.testng.TestNGProvider.invoke(TestNGProvider.java:106)
	at sun.reflect.NativeMethodAccessorImpl.invoke0(Native Method)
	at sun.reflect.NativeMethodAccessorImpl.invoke(NativeMethodAccessorImpl.java:62)
	at sun.reflect.DelegatingMethodAccessorImpl.invoke(DelegatingMethodAccessorImpl.java:43)
	at java.lang.reflect.Method.invoke(Method.java:498)
	at org.apache.maven.surefire.util.ReflectionUtils.invokeMethodWithArray(ReflectionUtils.java:189)
	at org.apache.maven.surefire.booter.ProviderFactory$ProviderProxy.invoke(ProviderFactory.java:165)
	at org.apache.maven.surefire.booter.ProviderFactory.invokeProvider(ProviderFactory.java:85)
	at org.apache.maven.surefire.booter.ForkedBooter.runSuitesInProcess(ForkedBooter.java:115)
	at org.apache.maven.surefire.booter.ForkedBooter.main(ForkedBooter.java:75)
</pre></div></td>
<td>30</td>
<td>TestHomePage.TestAmazonSigin@2cb4c3ab</td></tr>
<tr>
<td title='TestHomePage.TestAmazonSigin.settypePassword()'><b>settypePassword</b><br>Test class: TestHomePage.TestAmazonSigin</td>
<td><div><pre>org.openqa.selenium.NoSuchElementException: no such element: Unable to locate element: {&quot;method&quot;:&quot;id&quot;,&quot;selector&quot;:&quot;ap_password&quot;}
  (Session info: chrome=72.0.3626.121)
  (Driver info: chromedriver=2.46.628411 (3324f4c8be9ff2f70a05a30ebc72ffb013e1a71e),platform=Mac OS X 10.14.3 x86_64) (WARNING: The server did not provide any stacktrace information)
Command duration or timeout: 30.06 seconds
For documentation on this error, please visit: http://seleniumhq.org/exceptions/no_such_element.html
Build info: version: &apos;3.4.0&apos;, revision: &apos;unknown&apos;, time: &apos;unknown&apos;
System info: host: &apos;MacBook-Pro.fios-router.home&apos;, ip: &apos;fe80:0:0:0:14c9:3b2c:4db8:85ea%en0&apos;, os.name: &apos;Mac OS X&apos;, os.arch: &apos;x86_64&apos;, os.version: &apos;10.14.3&apos;, java.version: &apos;1.8.0_202&apos;
Driver info: org.openqa.selenium.chrome.ChromeDriver
Capabilities [{mobileEmulationEnabled=false, timeouts={implicit=0.0, pageLoad=300000.0, script=30000.0}, hasTouchScreen=false, platform=MAC, acceptSslCerts=false, goog:chromeOptions={debuggerAddress=localhost:59698}, acceptInsecureCerts=false, webStorageEnabled=true, browserName=chrome, takesScreenshot=true, javascriptEnabled=true, setWindowRect=true, unexpectedAlertBehaviour=ignore, applicationCacheEnabled=false, rotatable=false, networkConnectionEnabled=false, chrome={chromedriverVersion=2.46.628411 (3324f4c8be9ff2f70a05a30ebc72ffb013e1a71e), userDataDir=/var/folders/tv/k44ynnrn7_db__2ytmglr01h0000gn/T/.org.chromium.Chromium.nBeNhR}, takesHeapSnapshot=true, pageLoadStrategy=normal, strictFileInteractability=false, databaseEnabled=false, handlesAlerts=true, version=72.0.3626.121, browserConnectionEnabled=false, proxy=Proxy(), nativeEvents=true, locationContextEnabled=true, cssSelectorsEnabled=true}]
Session ID: a8522cf7bc4372a050719c20fed27081
*** Element info: {Using=id, value=ap_password}
	at org.openqa.selenium.remote.ErrorHandler.createThrowable(ErrorHandler.java:215)
	at org.openqa.selenium.remote.ErrorHandler.throwIfResponseFailed(ErrorHandler.java:167)
	at org.openqa.selenium.remote.RemoteWebDriver.execute(RemoteWebDriver.java:671)
	at org.openqa.selenium.remote.RemoteWebDriver.findElement(RemoteWebDriver.java:410)
	at org.openqa.selenium.remote.RemoteWebDriver.findElementById(RemoteWebDriver.java:453)
	at org.openqa.selenium.By$ById.findElement(By.java:218)
	at org.openqa.selenium.remote.RemoteWebDriver.findElement(RemoteWebDriver.java:402)
	at org.openqa.selenium.support.pagefactory.DefaultElementLocator.findElement(DefaultElementLocator.java:69)
	at org.openqa.selenium.support.pagefactory.internal.LocatingElementHandler.invoke(LocatingElementHandler.java:38)
	at com.sun.proxy.$Proxy6.sendKeys(Unknown Source)
	at HomePage.AmazonHomePageSigin.typePassword(AmazonHomePageSigin.java:32)
	at TestHomePage.TestAmazonSigin.settypePassword(TestAmazonSigin.java:32)
... Removed 39 stack frames</pre></div><a href='#' onClick='toggleBox("stack-trace205721196", this, "Click to show all stack frames", "Click to hide stack frames")'>Click to show all stack frames</a>
<div class='stack-trace' id='stack-trace205721196'><pre>org.openqa.selenium.NoSuchElementException: no such element: Unable to locate element: {&quot;method&quot;:&quot;id&quot;,&quot;selector&quot;:&quot;ap_password&quot;}
  (Session info: chrome=72.0.3626.121)
  (Driver info: chromedriver=2.46.628411 (3324f4c8be9ff2f70a05a30ebc72ffb013e1a71e),platform=Mac OS X 10.14.3 x86_64) (WARNING: The server did not provide any stacktrace information)
Command duration or timeout: 30.06 seconds
For documentation on this error, please visit: http://seleniumhq.org/exceptions/no_such_element.html
Build info: version: &apos;3.4.0&apos;, revision: &apos;unknown&apos;, time: &apos;unknown&apos;
System info: host: &apos;MacBook-Pro.fios-router.home&apos;, ip: &apos;fe80:0:0:0:14c9:3b2c:4db8:85ea%en0&apos;, os.name: &apos;Mac OS X&apos;, os.arch: &apos;x86_64&apos;, os.version: &apos;10.14.3&apos;, java.version: &apos;1.8.0_202&apos;
Driver info: org.openqa.selenium.chrome.ChromeDriver
Capabilities [{mobileEmulationEnabled=false, timeouts={implicit=0.0, pageLoad=300000.0, script=30000.0}, hasTouchScreen=false, platform=MAC, acceptSslCerts=false, goog:chromeOptions={debuggerAddress=localhost:59698}, acceptInsecureCerts=false, webStorageEnabled=true, browserName=chrome, takesScreenshot=true, javascriptEnabled=true, setWindowRect=true, unexpectedAlertBehaviour=ignore, applicationCacheEnabled=false, rotatable=false, networkConnectionEnabled=false, chrome={chromedriverVersion=2.46.628411 (3324f4c8be9ff2f70a05a30ebc72ffb013e1a71e), userDataDir=/var/folders/tv/k44ynnrn7_db__2ytmglr01h0000gn/T/.org.chromium.Chromium.nBeNhR}, takesHeapSnapshot=true, pageLoadStrategy=normal, strictFileInteractability=false, databaseEnabled=false, handlesAlerts=true, version=72.0.3626.121, browserConnectionEnabled=false, proxy=Proxy(), nativeEvents=true, locationContextEnabled=true, cssSelectorsEnabled=true}]
Session ID: a8522cf7bc4372a050719c20fed27081
*** Element info: {Using=id, value=ap_password}
	at sun.reflect.NativeConstructorAccessorImpl.newInstance0(Native Method)
	at sun.reflect.NativeConstructorAccessorImpl.newInstance(NativeConstructorAccessorImpl.java:62)
	at sun.reflect.DelegatingConstructorAccessorImpl.newInstance(DelegatingConstructorAccessorImpl.java:45)
	at java.lang.reflect.Constructor.newInstance(Constructor.java:423)
	at org.openqa.selenium.remote.ErrorHandler.createThrowable(ErrorHandler.java:215)
	at org.openqa.selenium.remote.ErrorHandler.throwIfResponseFailed(ErrorHandler.java:167)
	at org.openqa.selenium.remote.RemoteWebDriver.execute(RemoteWebDriver.java:671)
	at org.openqa.selenium.remote.RemoteWebDriver.findElement(RemoteWebDriver.java:410)
	at org.openqa.selenium.remote.RemoteWebDriver.findElementById(RemoteWebDriver.java:453)
	at org.openqa.selenium.By$ById.findElement(By.java:218)
	at org.openqa.selenium.remote.RemoteWebDriver.findElement(RemoteWebDriver.java:402)
	at org.openqa.selenium.support.pagefactory.DefaultElementLocator.findElement(DefaultElementLocator.java:69)
	at org.openqa.selenium.support.pagefactory.internal.LocatingElementHandler.invoke(LocatingElementHandler.java:38)
	at com.sun.proxy.$Proxy6.sendKeys(Unknown Source)
	at HomePage.AmazonHomePageSigin.typePassword(AmazonHomePageSigin.java:32)
	at TestHomePage.TestAmazonSigin.settypePassword(TestAmazonSigin.java:32)
	at sun.reflect.NativeMethodAccessorImpl.invoke0(Native Method)
	at sun.reflect.NativeMethodAccessorImpl.invoke(NativeMethodAccessorImpl.java:62)
	at sun.reflect.DelegatingMethodAccessorImpl.invoke(DelegatingMethodAccessorImpl.java:43)
	at java.lang.reflect.Method.invoke(Method.java:498)
	at org.testng.internal.MethodInvocationHelper.invokeMethod(MethodInvocationHelper.java:124)
	at org.testng.internal.Invoker.invokeMethod(Invoker.java:583)
	at org.testng.internal.Invoker.invokeTestMethod(Invoker.java:719)
	at org.testng.internal.Invoker.invokeTestMethods(Invoker.java:989)
	at org.testng.internal.TestMethodWorker.invokeTestMethods(TestMethodWorker.java:125)
	at org.testng.internal.TestMethodWorker.run(TestMethodWorker.java:109)
	at org.testng.TestRunner.privateRun(TestRunner.java:648)
	at org.testng.TestRunner.run(TestRunner.java:505)
	at org.testng.SuiteRunner.runTest(SuiteRunner.java:455)
	at org.testng.SuiteRunner.runSequentially(SuiteRunner.java:450)
	at org.testng.SuiteRunner.privateRun(SuiteRunner.java:415)
	at org.testng.SuiteRunner.run(SuiteRunner.java:364)
	at org.testng.SuiteRunnerWorker.runSuite(SuiteRunnerWorker.java:52)
	at org.testng.SuiteRunnerWorker.run(SuiteRunnerWorker.java:84)
	at org.testng.TestNG.runSuitesSequentially(TestNG.java:1208)
	at org.testng.TestNG.runSuitesLocally(TestNG.java:1137)
	at org.testng.TestNG.runSuites(TestNG.java:1049)
	at org.testng.TestNG.run(TestNG.java:1017)
	at org.apache.maven.surefire.testng.TestNGExecutor.run(TestNGExecutor.java:77)
	at org.apache.maven.surefire.testng.TestNGDirectoryTestSuite.executeMulti(TestNGDirectoryTestSuite.java:159)
	at org.apache.maven.surefire.testng.TestNGDirectoryTestSuite.execute(TestNGDirectoryTestSuite.java:99)
	at org.apache.maven.surefire.testng.TestNGProvider.invoke(TestNGProvider.java:106)
	at sun.reflect.NativeMethodAccessorImpl.invoke0(Native Method)
	at sun.reflect.NativeMethodAccessorImpl.invoke(NativeMethodAccessorImpl.java:62)
	at sun.reflect.DelegatingMethodAccessorImpl.invoke(DelegatingMethodAccessorImpl.java:43)
	at java.lang.reflect.Method.invoke(Method.java:498)
	at org.apache.maven.surefire.util.ReflectionUtils.invokeMethodWithArray(ReflectionUtils.java:189)
	at org.apache.maven.surefire.booter.ProviderFactory$ProviderProxy.invoke(ProviderFactory.java:165)
	at org.apache.maven.surefire.booter.ProviderFactory.invokeProvider(ProviderFactory.java:85)
	at org.apache.maven.surefire.booter.ForkedBooter.runSuitesInProcess(ForkedBooter.java:115)
	at org.apache.maven.surefire.booter.ForkedBooter.main(ForkedBooter.java:75)
</pre></div></td>
<td>30</td>
<td>TestHomePage.TestAmazonSigin@2cb4c3ab</td></tr>
</table><p>
<table width='100%' border='1' class='invocation-passed'>
<tr><td colspan='4' align='center'><b>PASSED TESTS</b></td></tr>
<tr><td><b>Test method</b></td>
<td width="30%"><b>Exception</b></td>
<td width="10%"><b>Time (seconds)</b></td>
<td><b>Instance</b></td>
</tr>
<tr>
<td title='TestHomePage.TestAmazonMain.getArtsAutomotive()'><b>getArtsAutomotive</b><br>Test class: TestHomePage.TestAmazonMain</td>
<td></td>
<td>2</td>
<td>TestHomePage.TestAmazonMain@12843fce</td></tr>
<tr>
<td title='TestHomePage.TestAmazonMain.getAutomotiveParts()'><b>getAutomotiveParts</b><br>Test class: TestHomePage.TestAmazonMain</td>
<td></td>
<td>1</td>
<td>TestHomePage.TestAmazonMain@12843fce</td></tr>
<tr>
<td title='TestHomePage.TestAmazonCategories.getBabyFashion()'><b>getBabyFashion</b><br>Test class: TestHomePage.TestAmazonCategories</td>
<td></td>
<td>2</td>
<td>TestHomePage.TestAmazonCategories@13c78c0b</td></tr>
<tr>
<td title='TestHomePage.TestAmazonMain.getBeautyPersonal()'><b>getBeautyPersonal</b><br>Test class: TestHomePage.TestAmazonMain</td>
<td></td>
<td>2</td>
<td>TestHomePage.TestAmazonMain@12843fce</td></tr>
<tr>
<td title='TestHomePage.TestAmazonMain.getBooks()'><b>getBooks</b><br>Test class: TestHomePage.TestAmazonMain</td>
<td></td>
<td>2</td>
<td>TestHomePage.TestAmazonMain@12843fce</td></tr>
<tr>
<td title='TestHomePage.TestAmazonMain.getCD()'><b>getCD</b><br>Test class: TestHomePage.TestAmazonMain</td>
<td></td>
<td>1</td>
<td>TestHomePage.TestAmazonMain@12843fce</td></tr>
<tr>
<td title='TestHomePage.TestAmazonCategoriesList.getCategories()'><b>getCategories</b><br>Test class: TestHomePage.TestAmazonCategoriesList</td>
<td></td>
<td>0</td>
<td>TestHomePage.TestAmazonCategoriesList@50f8360d</td></tr>
<tr>
<td title='TestHomePage.TestAmazonMain.getClicktryPrime()'><b>getClicktryPrime</b><br>Test class: TestHomePage.TestAmazonMain</td>
<td></td>
<td>1</td>
<td>TestHomePage.TestAmazonMain@12843fce</td></tr>
<tr>
<td title='TestHomePage.TestAmazonCategories.getClothingShoes()'><b>getClothingShoes</b><br>Test class: TestHomePage.TestAmazonCategories</td>
<td></td>
<td>1</td>
<td>TestHomePage.TestAmazonCategories@13c78c0b</td></tr>
<tr>
<td title='TestHomePage.TestAmazonCategories.getComputers()'><b>getComputers</b><br>Test class: TestHomePage.TestAmazonCategories</td>
<td></td>
<td>2</td>
<td>TestHomePage.TestAmazonCategories@13c78c0b</td></tr>
<tr>
<td title='TestHomePage.TestAmazonCategories.getCourses()'><b>getCourses</b><br>Test class: TestHomePage.TestAmazonCategories</td>
<td></td>
<td>1</td>
<td>TestHomePage.TestAmazonCategories@13c78c0b</td></tr>
<tr>
<td title='TestHomePage.TestAmazonCategories.getCredit()'><b>getCredit</b><br>Test class: TestHomePage.TestAmazonCategories</td>
<td></td>
<td>1</td>
<td>TestHomePage.TestAmazonCategories@13c78c0b</td></tr>
<tr>
<td title='TestHomePage.TestAmazonMain.getDeliverto()'><b>getDeliverto</b><br>Test class: TestHomePage.TestAmazonMain</td>
<td></td>
<td>0</td>
<td>TestHomePage.TestAmazonMain@12843fce</td></tr>
<tr>
<td title='TestHomePage.TestAmazonCategories.getDigitalMusic()'><b>getDigitalMusic</b><br>Test class: TestHomePage.TestAmazonCategories</td>
<td></td>
<td>1</td>
<td>TestHomePage.TestAmazonCategories@13c78c0b</td></tr>
<tr>
<td title='TestHomePage.TestAmazonCategories.getElectronics()'><b>getElectronics</b><br>Test class: TestHomePage.TestAmazonCategories</td>
<td></td>
<td>2</td>
<td>TestHomePage.TestAmazonCategories@13c78c0b</td></tr>
<tr>
<td title='TestHomePage.TestAmazonCategories.getGarden()'><b>getGarden</b><br>Test class: TestHomePage.TestAmazonCategories</td>
<td></td>
<td>2</td>
<td>TestHomePage.TestAmazonCategories@13c78c0b</td></tr>
<tr>
<td title='TestHomePage.TestAmazonCategories.getGiftCard()'><b>getGiftCard</b><br>Test class: TestHomePage.TestAmazonCategories</td>
<td></td>
<td>1</td>
<td>TestHomePage.TestAmazonCategories@13c78c0b</td></tr>
<tr>
<td title='TestHomePage.TestAmazonCategories.getGrocery()'><b>getGrocery</b><br>Test class: TestHomePage.TestAmazonCategories</td>
<td></td>
<td>2</td>
<td>TestHomePage.TestAmazonCategories@13c78c0b</td></tr>
<tr>
<td title='TestHomePage.TestAmazonCategories.getHealth()'><b>getHealth</b><br>Test class: TestHomePage.TestAmazonCategories</td>
<td></td>
<td>1</td>
<td>TestHomePage.TestAmazonCategories@13c78c0b</td></tr>
<tr>
<td title='TestHomePage.TestAmazonCategories.getKindle()'><b>getKindle</b><br>Test class: TestHomePage.TestAmazonCategories</td>
<td></td>
<td>2</td>
<td>TestHomePage.TestAmazonCategories@13c78c0b</td></tr>
<tr>
<td title='TestHomePage.TestAmazonCategories.getMovies()'><b>getMovies</b><br>Test class: TestHomePage.TestAmazonCategories</td>
<td></td>
<td>1</td>
<td>TestHomePage.TestAmazonCategories@13c78c0b</td></tr>
<tr>
<td title='TestHomePage.TestAmazonMain.getSearchbar()'><b>getSearchbar</b><br>Test class: TestHomePage.TestAmazonMain</td>
<td></td>
<td>0</td>
<td>TestHomePage.TestAmazonMain@12843fce</td></tr>
<tr>
<td title='TestHomePage.TestAmazonMain.getSearchitem()'><b>getSearchitem</b><br>Test class: TestHomePage.TestAmazonMain</td>
<td></td>
<td>0</td>
<td>TestHomePage.TestAmazonMain@12843fce</td></tr>
<tr>
<td title='TestHomePage.TestAmazonMain.getSearchitems()'><b>getSearchitems</b><br>Test class: TestHomePage.TestAmazonMain</td>
<td></td>
<td>0</td>
<td>TestHomePage.TestAmazonMain@12843fce</td></tr>
<tr>
<td title='TestHomePage.TestAmazonCategories.getWarehouseDeals()'><b>getWarehouseDeals</b><br>Test class: TestHomePage.TestAmazonCategories</td>
<td></td>
<td>1</td>
<td>TestHomePage.TestAmazonCategories@13c78c0b</td></tr>
<tr>
<td title='TestHomePage.TestAmazonMain.getamazonFresh()'><b>getamazonFresh</b><br>Test class: TestHomePage.TestAmazonMain</td>
<td></td>
<td>2</td>
<td>TestHomePage.TestAmazonMain@12843fce</td></tr>
<tr>
<td title='TestHomePage.TestAmazonMain.getcategorieBaby()'><b>getcategorieBaby</b><br>Test class: TestHomePage.TestAmazonMain</td>
<td></td>
<td>2</td>
<td>TestHomePage.TestAmazonMain@12843fce</td></tr>
<tr>
<td title='TestHomePage.TestAmazonMain.getcategoryAlexa()'><b>getcategoryAlexa</b><br>Test class: TestHomePage.TestAmazonMain</td>
<td></td>
<td>2</td>
<td>TestHomePage.TestAmazonMain@12843fce</td></tr>
<tr>
<td title='TestHomePage.TestAmazonMain.getcategoryAppliances()'><b>getcategoryAppliances</b><br>Test class: TestHomePage.TestAmazonMain</td>
<td></td>
<td>1</td>
<td>TestHomePage.TestAmazonMain@12843fce</td></tr>
<tr>
<td title='TestHomePage.TestAmazonMain.getcategoryArtCrafts()'><b>getcategoryArtCrafts</b><br>Test class: TestHomePage.TestAmazonMain</td>
<td></td>
<td>2</td>
<td>TestHomePage.TestAmazonMain@12843fce</td></tr>
<tr>
<td title='TestHomePage.TestAmazonMain.getcategoryGames()'><b>getcategoryGames</b><br>Test class: TestHomePage.TestAmazonMain</td>
<td></td>
<td>2</td>
<td>TestHomePage.TestAmazonMain@12843fce</td></tr>
<tr>
<td title='TestHomePage.TestAmazonCategories.getfineart()'><b>getfineart</b><br>Test class: TestHomePage.TestAmazonCategories</td>
<td></td>
<td>2</td>
<td>TestHomePage.TestAmazonCategories@13c78c0b</td></tr>
<tr>
<td title='TestHomePage.TestAmazonCategories.getitemsofBoys()'><b>getitemsofBoys</b><br>Test class: TestHomePage.TestAmazonCategories</td>
<td></td>
<td>2</td>
<td>TestHomePage.TestAmazonCategories@13c78c0b</td></tr>
<tr>
<td title='TestHomePage.TestAmazonCategories.getitemsofGirls()'><b>getitemsofGirls</b><br>Test class: TestHomePage.TestAmazonCategories</td>
<td></td>
<td>2</td>
<td>TestHomePage.TestAmazonCategories@13c78c0b</td></tr>
<tr>
<td title='TestHomePage.TestAmazonCategories.getitemsofMen()'><b>getitemsofMen</b><br>Test class: TestHomePage.TestAmazonCategories</td>
<td></td>
<td>0</td>
<td>TestHomePage.TestAmazonCategories@13c78c0b</td></tr>
<tr>
<td title='TestHomePage.TestAmazonCategories.getitemsofWomen()'><b>getitemsofWomen</b><br>Test class: TestHomePage.TestAmazonCategories</td>
<td></td>
<td>2</td>
<td>TestHomePage.TestAmazonCategories@13c78c0b</td></tr>
<tr>
<td title='TestHomePage.TestAmazonMain.getselectgridSelectPrime()'><b>getselectgridSelectPrime</b><br>Test class: TestHomePage.TestAmazonMain</td>
<td></td>
<td>0</td>
<td>TestHomePage.TestAmazonMain@12843fce</td></tr>
<tr>
<td title='TestHomePage.TestAmazonMain.getshowAlexaSkills()'><b>getshowAlexaSkills</b><br>Test class: TestHomePage.TestAmazonMain</td>
<td></td>
<td>0</td>
<td>TestHomePage.TestAmazonMain@12843fce</td></tr>
<tr>
<td title='TestHomePage.TestAmazonSigin.setOpenPageLogin()'><b>setOpenPageLogin</b><br>Test class: TestHomePage.TestAmazonSigin</td>
<td></td>
<td>3</td>
<td>TestHomePage.TestAmazonSigin@2cb4c3ab</td></tr>
<tr>
<td title='TestHomePage.TestAmazonSigin.setopenlogin()'><b>setopenlogin</b><br>Test class: TestHomePage.TestAmazonSigin</td>
<td></td>
<td>0</td>
<td>TestHomePage.TestAmazonSigin@2cb4c3ab</td></tr>
</table><p>
</body>
</html>