<html>
<head>
<title>TestNG:  Command line test</title>
<link href="../testng.css" rel="stylesheet" type="text/css" />
<link href="../my-testng.css" rel="stylesheet" type="text/css" />

<style type="text/css">
.log { display: none;} 
.stack-trace { display: none;} 
</style>
<script type="text/javascript">
<!--
function flip(e) {
  current = e.style.display;
  if (current == 'block') {
    e.style.display = 'none';
    return 0;
  }
  else {
    e.style.display = 'block';
    return 1;
  }
}

function toggleBox(szDivId, elem, msg1, msg2)
{
  var res = -1;  if (document.getElementById) {
    res = flip(document.getElementById(szDivId));
  }
  else if (document.all) {
    // this is the way old msie versions work
    res = flip(document.all[szDivId]);
  }
  if(elem) {
    if(res == 0) elem.innerHTML = msg1; else elem.innerHTML = msg2;
  }

}

function toggleAllBoxes() {
  if (document.getElementsByTagName) {
    d = document.getElementsByTagName('div');
    for (i = 0; i < d.length; i++) {
      if (d[i].className == 'log') {
        flip(d[i]);
      }
    }
  }
}

// -->
</script>

</head>
<body>
<h2 align='center'>Command line test</h2><table border='1' align="center">
<tr>
<td>Tests passed/Failed/Skipped:</td><td>45/1/0</td>
</tr><tr>
<td>Started on:</td><td>Thu Mar 21 18:48:36 EDT 2019</td>
</tr>
<tr><td>Total time:</td><td>208 seconds (208141 ms)</td>
</tr><tr>
<td>Included groups:</td><td></td>
</tr><tr>
<td>Excluded groups:</td><td></td>
</tr>
</table><p/>
<small><i>(Hover the method name to see the test class name)</i></small><p/>
<table width='100%' border='1' class='invocation-failed'>
<tr><td colspan='4' align='center'><b>FAILED TESTS</b></td></tr>
<tr><td><b>Test method</b></td>
<td width="30%"><b>Exception</b></td>
<td width="10%"><b>Time (seconds)</b></td>
<td><b>Instance</b></td>
</tr>
<tr>
<td title='AmazonTest.testSignin()'><b>testSignin</b><br>Test class: AmazonTest</td>
<td><div><pre>org.openqa.selenium.NoSuchElementException: no such element: Unable to locate element: {&quot;method&quot;:&quot;css selector&quot;,&quot;selector&quot;:&quot;#ap_email&quot;}
  (Session info: chrome=72.0.3626.121)
  (Driver info: chromedriver=2.46.628411 (3324f4c8be9ff2f70a05a30ebc72ffb013e1a71e),platform=Mac OS X 10.14.3 x86_64) (WARNING: The server did not provide any stacktrace information)
Command duration or timeout: 30.09 seconds
For documentation on this error, please visit: http://seleniumhq.org/exceptions/no_such_element.html
Build info: version: &apos;3.4.0&apos;, revision: &apos;unknown&apos;, time: &apos;unknown&apos;
System info: host: &apos;MacBook-Pro.fios-router.home&apos;, ip: &apos;fe80:0:0:0:14c9:3b2c:4db8:85ea%en0&apos;, os.name: &apos;Mac OS X&apos;, os.arch: &apos;x86_64&apos;, os.version: &apos;10.14.3&apos;, java.version: &apos;1.8.0_202&apos;
Driver info: org.openqa.selenium.chrome.ChromeDriver
Capabilities [{mobileEmulationEnabled=false, timeouts={implicit=0.0, pageLoad=300000.0, script=30000.0}, hasTouchScreen=false, platform=MAC, acceptSslCerts=false, goog:chromeOptions={debuggerAddress=localhost:56827}, acceptInsecureCerts=false, webStorageEnabled=true, browserName=chrome, takesScreenshot=true, javascriptEnabled=true, setWindowRect=true, unexpectedAlertBehaviour=ignore, applicationCacheEnabled=false, rotatable=false, networkConnectionEnabled=false, chrome={chromedriverVersion=2.46.628411 (3324f4c8be9ff2f70a05a30ebc72ffb013e1a71e), userDataDir=/var/folders/tv/k44ynnrn7_db__2ytmglr01h0000gn/T/.org.chromium.Chromium.4eeQq1}, takesHeapSnapshot=true, pageLoadStrategy=normal, strictFileInteractability=false, databaseEnabled=false, handlesAlerts=true, version=72.0.3626.121, browserConnectionEnabled=false, proxy=Proxy(), nativeEvents=true, locationContextEnabled=true, cssSelectorsEnabled=true}]
Session ID: a80e298e14ed1158834f019861fd4788
*** Element info: {Using=css selector, value=#ap_email}
	at org.openqa.selenium.remote.ErrorHandler.createThrowable(ErrorHandler.java:215)
	at org.openqa.selenium.remote.ErrorHandler.throwIfResponseFailed(ErrorHandler.java:167)
	at org.openqa.selenium.remote.RemoteWebDriver.execute(RemoteWebDriver.java:671)
	at org.openqa.selenium.remote.RemoteWebDriver.findElement(RemoteWebDriver.java:410)
	at org.openqa.selenium.remote.RemoteWebDriver.findElementByCssSelector(RemoteWebDriver.java:501)
	at org.openqa.selenium.By$ByCssSelector.findElement(By.java:430)
	at org.openqa.selenium.remote.RemoteWebDriver.findElement(RemoteWebDriver.java:402)
	at AmazonMain.Sigin(AmazonMain.java:22)
	at AmazonTest.testSignin(AmazonTest.java:12)
... Removed 38 stack frames</pre></div><a href='#' onClick='toggleBox("stack-trace1640296160", this, "Click to show all stack frames", "Click to hide stack frames")'>Click to show all stack frames</a>
<div class='stack-trace' id='stack-trace1640296160'><pre>org.openqa.selenium.NoSuchElementException: no such element: Unable to locate element: {&quot;method&quot;:&quot;css selector&quot;,&quot;selector&quot;:&quot;#ap_email&quot;}
  (Session info: chrome=72.0.3626.121)
  (Driver info: chromedriver=2.46.628411 (3324f4c8be9ff2f70a05a30ebc72ffb013e1a71e),platform=Mac OS X 10.14.3 x86_64) (WARNING: The server did not provide any stacktrace information)
Command duration or timeout: 30.09 seconds
For documentation on this error, please visit: http://seleniumhq.org/exceptions/no_such_element.html
Build info: version: &apos;3.4.0&apos;, revision: &apos;unknown&apos;, time: &apos;unknown&apos;
System info: host: &apos;MacBook-Pro.fios-router.home&apos;, ip: &apos;fe80:0:0:0:14c9:3b2c:4db8:85ea%en0&apos;, os.name: &apos;Mac OS X&apos;, os.arch: &apos;x86_64&apos;, os.version: &apos;10.14.3&apos;, java.version: &apos;1.8.0_202&apos;
Driver info: org.openqa.selenium.chrome.ChromeDriver
Capabilities [{mobileEmulationEnabled=false, timeouts={implicit=0.0, pageLoad=300000.0, script=30000.0}, hasTouchScreen=false, platform=MAC, acceptSslCerts=false, goog:chromeOptions={debuggerAddress=localhost:56827}, acceptInsecureCerts=false, webStorageEnabled=true, browserName=chrome, takesScreenshot=true, javascriptEnabled=true, setWindowRect=true, unexpectedAlertBehaviour=ignore, applicationCacheEnabled=false, rotatable=false, networkConnectionEnabled=false, chrome={chromedriverVersion=2.46.628411 (3324f4c8be9ff2f70a05a30ebc72ffb013e1a71e), userDataDir=/var/folders/tv/k44ynnrn7_db__2ytmglr01h0000gn/T/.org.chromium.Chromium.4eeQq1}, takesHeapSnapshot=true, pageLoadStrategy=normal, strictFileInteractability=false, databaseEnabled=false, handlesAlerts=true, version=72.0.3626.121, browserConnectionEnabled=false, proxy=Proxy(), nativeEvents=true, locationContextEnabled=true, cssSelectorsEnabled=true}]
Session ID: a80e298e14ed1158834f019861fd4788
*** Element info: {Using=css selector, value=#ap_email}
	at sun.reflect.NativeConstructorAccessorImpl.newInstance0(Native Method)
	at sun.reflect.NativeConstructorAccessorImpl.newInstance(NativeConstructorAccessorImpl.java:62)
	at sun.reflect.DelegatingConstructorAccessorImpl.newInstance(DelegatingConstructorAccessorImpl.java:45)
	at java.lang.reflect.Constructor.newInstance(Constructor.java:423)
	at org.openqa.selenium.remote.ErrorHandler.createThrowable(ErrorHandler.java:215)
	at org.openqa.selenium.remote.ErrorHandler.throwIfResponseFailed(ErrorHandler.java:167)
	at org.openqa.selenium.remote.RemoteWebDriver.execute(RemoteWebDriver.java:671)
	at org.openqa.selenium.remote.RemoteWebDriver.findElement(RemoteWebDriver.java:410)
	at org.openqa.selenium.remote.RemoteWebDriver.findElementByCssSelector(RemoteWebDriver.java:501)
	at org.openqa.selenium.By$ByCssSelector.findElement(By.java:430)
	at org.openqa.selenium.remote.RemoteWebDriver.findElement(RemoteWebDriver.java:402)
	at AmazonMain.Sigin(AmazonMain.java:22)
	at AmazonTest.testSignin(AmazonTest.java:12)
	at sun.reflect.NativeMethodAccessorImpl.invoke0(Native Method)
	at sun.reflect.NativeMethodAccessorImpl.invoke(NativeMethodAccessorImpl.java:62)
	at sun.reflect.DelegatingMethodAccessorImpl.invoke(DelegatingMethodAccessorImpl.java:43)
	at java.lang.reflect.Method.invoke(Method.java:498)
	at org.testng.internal.MethodInvocationHelper.invokeMethod(MethodInvocationHelper.java:124)
	at org.testng.internal.Invoker.invokeMethod(Invoker.java:583)
	at org.testng.internal.Invoker.invokeTestMethod(Invoker.java:719)
	at org.testng.internal.Invoker.invokeTestMethods(Invoker.java:989)
	at org.testng.internal.TestMethodWorker.invokeTestMethods(TestMethodWorker.java:125)
	at org.testng.internal.TestMethodWorker.run(TestMethodWorker.java:109)
	at org.testng.TestRunner.privateRun(TestRunner.java:648)
	at org.testng.TestRunner.run(TestRunner.java:505)
	at org.testng.SuiteRunner.runTest(SuiteRunner.java:455)
	at org.testng.SuiteRunner.runSequentially(SuiteRunner.java:450)
	at org.testng.SuiteRunner.privateRun(SuiteRunner.java:415)
	at org.testng.SuiteRunner.run(SuiteRunner.java:364)
	at org.testng.SuiteRunnerWorker.runSuite(SuiteRunnerWorker.java:52)
	at org.testng.SuiteRunnerWorker.run(SuiteRunnerWorker.java:84)
	at org.testng.TestNG.runSuitesSequentially(TestNG.java:1208)
	at org.testng.TestNG.runSuitesLocally(TestNG.java:1137)
	at org.testng.TestNG.runSuites(TestNG.java:1049)
	at org.testng.TestNG.run(TestNG.java:1017)
	at org.apache.maven.surefire.testng.TestNGExecutor.run(TestNGExecutor.java:77)
	at org.apache.maven.surefire.testng.TestNGDirectoryTestSuite.execute(TestNGDirectoryTestSuite.java:110)
	at org.apache.maven.surefire.testng.TestNGProvider.invoke(TestNGProvider.java:106)
	at sun.reflect.NativeMethodAccessorImpl.invoke0(Native Method)
	at sun.reflect.NativeMethodAccessorImpl.invoke(NativeMethodAccessorImpl.java:62)
	at sun.reflect.DelegatingMethodAccessorImpl.invoke(DelegatingMethodAccessorImpl.java:43)
	at java.lang.reflect.Method.invoke(Method.java:498)
	at org.apache.maven.surefire.util.ReflectionUtils.invokeMethodWithArray(ReflectionUtils.java:189)
	at org.apache.maven.surefire.booter.ProviderFactory$ProviderProxy.invoke(ProviderFactory.java:165)
	at org.apache.maven.surefire.booter.ProviderFactory.invokeProvider(ProviderFactory.java:85)
	at org.apache.maven.surefire.booter.ForkedBooter.runSuitesInProcess(ForkedBooter.java:115)
	at org.apache.maven.surefire.booter.ForkedBooter.main(ForkedBooter.java:75)
</pre></div></td>
<td>31</td>
<td>AmazonTest@7225790e</td></tr>
</table><p>
<table width='100%' border='1' class='invocation-passed'>
<tr><td colspan='4' align='center'><b>PASSED TESTS</b></td></tr>
<tr><td><b>Test method</b></td>
<td width="30%"><b>Exception</b></td>
<td width="10%"><b>Time (seconds)</b></td>
<td><b>Instance</b></td>
</tr>
<tr>
<td title='AmazonTest.testAlexaSkills()'><b>testAlexaSkills</b><br>Test class: AmazonTest</td>
<td></td>
<td>2</td>
<td>AmazonTest@7225790e</td></tr>
<tr>
<td title='AmazonTest.testBrowserTitle()'><b>testBrowserTitle</b><br>Test class: AmazonTest</td>
<td></td>
<td>1</td>
<td>AmazonTest@7225790e</td></tr>
<tr>
<td title='AmazonTest.testCategories()'><b>testCategories</b><br>Test class: AmazonTest</td>
<td></td>
<td>1</td>
<td>AmazonTest@7225790e</td></tr>
<tr>
<td title='AmazonTest.testCategoryAlexa()'><b>testCategoryAlexa</b><br>Test class: AmazonTest</td>
<td></td>
<td>3</td>
<td>AmazonTest@7225790e</td></tr>
<tr>
<td title='AmazonTest.testCategoryDropdown()'><b>testCategoryDropdown</b><br>Test class: AmazonTest</td>
<td></td>
<td>1</td>
<td>AmazonTest@7225790e</td></tr>
<tr>
<td title='AmazonTest.testCategoryGames()'><b>testCategoryGames</b><br>Test class: AmazonTest</td>
<td></td>
<td>3</td>
<td>AmazonTest@7225790e</td></tr>
<tr>
<td title='AmazonTest.testClicktryprime()'><b>testClicktryprime</b><br>Test class: AmazonTest</td>
<td></td>
<td>2</td>
<td>AmazonTest@7225790e</td></tr>
<tr>
<td title='AmazonTest.testClothingshoes()'><b>testClothingshoes</b><br>Test class: AmazonTest</td>
<td></td>
<td>3</td>
<td>AmazonTest@7225790e</td></tr>
<tr>
<td title='AmazonTest.testDisplayArtsAutomotive()'><b>testDisplayArtsAutomotive</b><br>Test class: AmazonTest</td>
<td></td>
<td>3</td>
<td>AmazonTest@7225790e</td></tr>
<tr>
<td title='AmazonTest.testDisplayAutomotiveParts()'><b>testDisplayAutomotiveParts</b><br>Test class: AmazonTest</td>
<td></td>
<td>3</td>
<td>AmazonTest@7225790e</td></tr>
<tr>
<td title='AmazonTest.testDisplayBabyFashion()'><b>testDisplayBabyFashion</b><br>Test class: AmazonTest</td>
<td></td>
<td>3</td>
<td>AmazonTest@7225790e</td></tr>
<tr>
<td title='AmazonTest.testDisplayBeautyPersonal()'><b>testDisplayBeautyPersonal</b><br>Test class: AmazonTest</td>
<td></td>
<td>5</td>
<td>AmazonTest@7225790e</td></tr>
<tr>
<td title='AmazonTest.testDisplayBooks()'><b>testDisplayBooks</b><br>Test class: AmazonTest</td>
<td></td>
<td>4</td>
<td>AmazonTest@7225790e</td></tr>
<tr>
<td title='AmazonTest.testDisplayCd()'><b>testDisplayCd</b><br>Test class: AmazonTest</td>
<td></td>
<td>3</td>
<td>AmazonTest@7225790e</td></tr>
<tr>
<td title='AmazonTest.testDisplayComputers()'><b>testDisplayComputers</b><br>Test class: AmazonTest</td>
<td></td>
<td>4</td>
<td>AmazonTest@7225790e</td></tr>
<tr>
<td title='AmazonTest.testDisplayCourses()'><b>testDisplayCourses</b><br>Test class: AmazonTest</td>
<td></td>
<td>2</td>
<td>AmazonTest@7225790e</td></tr>
<tr>
<td title='AmazonTest.testDisplayCredit()'><b>testDisplayCredit</b><br>Test class: AmazonTest</td>
<td></td>
<td>2</td>
<td>AmazonTest@7225790e</td></tr>
<tr>
<td title='AmazonTest.testDisplayDigitalMusic()'><b>testDisplayDigitalMusic</b><br>Test class: AmazonTest</td>
<td></td>
<td>3</td>
<td>AmazonTest@7225790e</td></tr>
<tr>
<td title='AmazonTest.testDisplayElectronics()'><b>testDisplayElectronics</b><br>Test class: AmazonTest</td>
<td></td>
<td>4</td>
<td>AmazonTest@7225790e</td></tr>
<tr>
<td title='AmazonTest.testDisplayGarden()'><b>testDisplayGarden</b><br>Test class: AmazonTest</td>
<td></td>
<td>3</td>
<td>AmazonTest@7225790e</td></tr>
<tr>
<td title='AmazonTest.testDisplayGiftCard()'><b>testDisplayGiftCard</b><br>Test class: AmazonTest</td>
<td></td>
<td>3</td>
<td>AmazonTest@7225790e</td></tr>
<tr>
<td title='AmazonTest.testDisplayGrocery()'><b>testDisplayGrocery</b><br>Test class: AmazonTest</td>
<td></td>
<td>3</td>
<td>AmazonTest@7225790e</td></tr>
<tr>
<td title='AmazonTest.testDisplayHealth()'><b>testDisplayHealth</b><br>Test class: AmazonTest</td>
<td></td>
<td>3</td>
<td>AmazonTest@7225790e</td></tr>
<tr>
<td title='AmazonTest.testDisplayKindle()'><b>testDisplayKindle</b><br>Test class: AmazonTest</td>
<td></td>
<td>4</td>
<td>AmazonTest@7225790e</td></tr>
<tr>
<td title='AmazonTest.testDisplayMovies()'><b>testDisplayMovies</b><br>Test class: AmazonTest</td>
<td></td>
<td>3</td>
<td>AmazonTest@7225790e</td></tr>
<tr>
<td title='AmazonTest.testDisplayamazonFresh()'><b>testDisplayamazonFresh</b><br>Test class: AmazonTest</td>
<td></td>
<td>3</td>
<td>AmazonTest@7225790e</td></tr>
<tr>
<td title='AmazonTest.testDisplaybag()'><b>testDisplaybag</b><br>Test class: AmazonTest</td>
<td></td>
<td>5</td>
<td>AmazonTest@7225790e</td></tr>
<tr>
<td title='AmazonTest.testDisplayfineart()'><b>testDisplayfineart</b><br>Test class: AmazonTest</td>
<td></td>
<td>5</td>
<td>AmazonTest@7225790e</td></tr>
<tr>
<td title='AmazonTest.testOpenbrowser()'><b>testOpenbrowser</b><br>Test class: AmazonTest</td>
<td></td>
<td>0</td>
<td>AmazonTest@7225790e</td></tr>
<tr>
<td title='AmazonTest.testRecommendationsforyou()'><b>testRecommendationsforyou</b><br>Test class: AmazonTest</td>
<td></td>
<td>6</td>
<td>AmazonTest@7225790e</td></tr>
<tr>
<td title='AmazonTest.testSearchbar()'><b>testSearchbar</b><br>Test class: AmazonTest</td>
<td></td>
<td>9</td>
<td>AmazonTest@7225790e</td></tr>
<tr>
<td title='AmazonTest.testSearchitem()'><b>testSearchitem</b><br>Test class: AmazonTest</td>
<td></td>
<td>2</td>
<td>AmazonTest@7225790e</td></tr>
<tr>
<td title='AmazonTest.testSearchitemsrefresh()'><b>testSearchitemsrefresh</b><br>Test class: AmazonTest</td>
<td></td>
<td>2</td>
<td>AmazonTest@7225790e</td></tr>
<tr>
<td title='AmazonTest.testSelectgrid()'><b>testSelectgrid</b><br>Test class: AmazonTest</td>
<td></td>
<td>2</td>
<td>AmazonTest@7225790e</td></tr>
<tr>
<td title='AmazonTest.testSelectgridSelectprime()'><b>testSelectgridSelectprime</b><br>Test class: AmazonTest</td>
<td></td>
<td>1</td>
<td>AmazonTest@7225790e</td></tr>
<tr>
<td title='AmazonTest.testWarehousedeals()'><b>testWarehousedeals</b><br>Test class: AmazonTest</td>
<td></td>
<td>3</td>
<td>AmazonTest@7225790e</td></tr>
<tr>
<td title='AmazonTest.testcategorieBaby()'><b>testcategorieBaby</b><br>Test class: AmazonTest</td>
<td></td>
<td>3</td>
<td>AmazonTest@7225790e</td></tr>
<tr>
<td title='AmazonTest.testcategoryAppliances()'><b>testcategoryAppliances</b><br>Test class: AmazonTest</td>
<td></td>
<td>3</td>
<td>AmazonTest@7225790e</td></tr>
<tr>
<td title='AmazonTest.testdeliverto()'><b>testdeliverto</b><br>Test class: AmazonTest</td>
<td></td>
<td>1</td>
<td>AmazonTest@7225790e</td></tr>
<tr>
<td title='AmazonTest.testgobackandforthSearch()'><b>testgobackandforthSearch</b><br>Test class: AmazonTest</td>
<td></td>
<td>4</td>
<td>AmazonTest@7225790e</td></tr>
<tr>
<td title='AmazonTest.testitemsofBoys()'><b>testitemsofBoys</b><br>Test class: AmazonTest</td>
<td></td>
<td>4</td>
<td>AmazonTest@7225790e</td></tr>
<tr>
<td title='AmazonTest.testitemsofGirls()'><b>testitemsofGirls</b><br>Test class: AmazonTest</td>
<td></td>
<td>7</td>
<td>AmazonTest@7225790e</td></tr>
<tr>
<td title='AmazonTest.testitemsofMen()'><b>testitemsofMen</b><br>Test class: AmazonTest</td>
<td></td>
<td>8</td>
<td>AmazonTest@7225790e</td></tr>
<tr>
<td title='AmazonTest.testitemsofwomen()'><b>testitemsofwomen</b><br>Test class: AmazonTest</td>
<td></td>
<td>13</td>
<td>AmazonTest@7225790e</td></tr>
<tr>
<td title='AmazonTest.testsearchDifferentitems()'><b>testsearchDifferentitems</b><br>Test class: AmazonTest</td>
<td></td>
<td>1</td>
<td>AmazonTest@7225790e</td></tr>
</table><p>
</body>
</html>