<?xml version="1.0" encoding="UTF-8"?>
<!-- Generated by org.testng.reporters.JUnitXMLReporter -->
<testsuite hostname="MacBook-Pro.fios-router.home" ignored="0" tests="46" failures="1" timestamp="21 Mar 2019 22:52:04 GMT" time="208.141" errors="0">
  <testcase name="testAlexaSkills" time="2.339" classname="AmazonTest"/>
  <testcase name="testBrowserTitle" time="1.214" classname="AmazonTest"/>
  <testcase name="testCategories" time="1.103" classname="AmazonTest"/>
  <testcase name="testCategoryAlexa" time="3.761" classname="AmazonTest"/>
  <testcase name="testCategoryDropdown" time="1.269" classname="AmazonTest"/>
  <testcase name="testCategoryGames" time="3.498" classname="AmazonTest"/>
  <testcase name="testClicktryprime" time="2.18" classname="AmazonTest"/>
  <testcase name="testClothingshoes" time="3.124" classname="AmazonTest"/>
  <testcase name="testDisplayArtsAutomotive" time="3.65" classname="AmazonTest"/>
  <testcase name="testDisplayAutomotiveParts" time="3.364" classname="AmazonTest"/>
  <testcase name="testDisplayBabyFashion" time="3.739" classname="AmazonTest"/>
  <testcase name="testDisplayBeautyPersonal" time="5.201" classname="AmazonTest"/>
  <testcase name="testDisplayBooks" time="4.122" classname="AmazonTest"/>
  <testcase name="testDisplayCd" time="3.484" classname="AmazonTest"/>
  <testcase name="testDisplayComputers" time="4.795" classname="AmazonTest"/>
  <testcase name="testDisplayCourses" time="2.994" classname="AmazonTest"/>
  <testcase name="testDisplayCredit" time="2.685" classname="AmazonTest"/>
  <testcase name="testDisplayDigitalMusic" time="3.294" classname="AmazonTest"/>
  <testcase name="testDisplayElectronics" time="4.056" classname="AmazonTest"/>
  <testcase name="testDisplayGarden" time="3.88" classname="AmazonTest"/>
  <testcase name="testDisplayGiftCard" time="3.125" classname="AmazonTest"/>
  <testcase name="testDisplayGrocery" time="3.738" classname="AmazonTest"/>
  <testcase name="testDisplayHealth" time="3.455" classname="AmazonTest"/>
  <testcase name="testDisplayKindle" time="4.41" classname="AmazonTest"/>
  <testcase name="testDisplayMovies" time="3.5" classname="AmazonTest"/>
  <testcase name="testDisplayamazonFresh" time="3.773" classname="AmazonTest"/>
  <testcase name="testDisplaybag" time="5.795" classname="AmazonTest"/>
  <testcase name="testDisplayfineart" time="5.54" classname="AmazonTest"/>
  <testcase name="testOpenbrowser" time="0.842" classname="AmazonTest"/>
  <testcase name="testRecommendationsforyou" time="6.535" classname="AmazonTest"/>
  <testcase name="testSearchbar" time="9.314" classname="AmazonTest"/>
  <testcase name="testSearchitem" time="2.711" classname="AmazonTest"/>
  <testcase name="testSearchitemsrefresh" time="2.929" classname="AmazonTest"/>
  <testcase name="testSelectgrid" time="2.944" classname="AmazonTest"/>
  <testcase name="testSelectgridSelectprime" time="1.53" classname="AmazonTest"/>
  <testcase name="testSignin" time="31.891" classname="AmazonTest">
    <failure type="org.openqa.selenium.NoSuchElementException" message="no such element: Unable to locate element: {&amp;quot;method&amp;quot;:&amp;quot;css selector&amp;quot;,&amp;quot;selector&amp;quot;:&amp;quot;#ap_email&amp;quot;}
  (Session info: chrome=72.0.3626.121)
  (Driver info: chromedriver=2.46.628411 (3324f4c8be9ff2f70a05a30ebc72ffb013e1a71e),platform=Mac OS X 10.14.3 x86_64) (WARNING: The server did not provide any stacktrace information)
Command duration or timeout: 30.09 seconds
For documentation on this error, please visit: http://seleniumhq.org/exceptions/no_such_element.html
Build info: version: &amp;apos;3.4.0&amp;apos;, revision: &amp;apos;unknown&amp;apos;, time: &amp;apos;unknown&amp;apos;
System info: host: &amp;apos;MacBook-Pro.fios-router.home&amp;apos;, ip: &amp;apos;fe80:0:0:0:14c9:3b2c:4db8:85ea%en0&amp;apos;, os.name: &amp;apos;Mac OS X&amp;apos;, os.arch: &amp;apos;x86_64&amp;apos;, os.version: &amp;apos;10.14.3&amp;apos;, java.version: &amp;apos;1.8.0_202&amp;apos;
Driver info: org.openqa.selenium.chrome.ChromeDriver
Capabilities [{mobileEmulationEnabled=false, timeouts={implicit=0.0, pageLoad=300000.0, script=30000.0}, hasTouchScreen=false, platform=MAC, acceptSslCerts=false, goog:chromeOptions={debuggerAddress=localhost:56827}, acceptInsecureCerts=false, webStorageEnabled=true, browserName=chrome, takesScreenshot=true, javascriptEnabled=true, setWindowRect=true, unexpectedAlertBehaviour=ignore, applicationCacheEnabled=false, rotatable=false, networkConnectionEnabled=false, chrome={chromedriverVersion=2.46.628411 (3324f4c8be9ff2f70a05a30ebc72ffb013e1a71e), userDataDir=/var/folders/tv/k44ynnrn7_db__2ytmglr01h0000gn/T/.org.chromium.Chromium.4eeQq1}, takesHeapSnapshot=true, pageLoadStrategy=normal, strictFileInteractability=false, databaseEnabled=false, handlesAlerts=true, version=72.0.3626.121, browserConnectionEnabled=false, proxy=Proxy(), nativeEvents=true, locationContextEnabled=true, cssSelectorsEnabled=true}]
Session ID: a80e298e14ed1158834f019861fd4788
*** Element info: {Using=css selector, value=#ap_email}">
      <![CDATA[org.openqa.selenium.NoSuchElementException: no such element: Unable to locate element: {"method":"css selector","selector":"#ap_email"}
  (Session info: chrome=72.0.3626.121)
  (Driver info: chromedriver=2.46.628411 (3324f4c8be9ff2f70a05a30ebc72ffb013e1a71e),platform=Mac OS X 10.14.3 x86_64) (WARNING: The server did not provide any stacktrace information)
Command duration or timeout: 30.09 seconds
For documentation on this error, please visit: http://seleniumhq.org/exceptions/no_such_element.html
Build info: version: '3.4.0', revision: 'unknown', time: 'unknown'
System info: host: 'MacBook-Pro.fios-router.home', ip: 'fe80:0:0:0:14c9:3b2c:4db8:85ea%en0', os.name: 'Mac OS X', os.arch: 'x86_64', os.version: '10.14.3', java.version: '1.8.0_202'
Driver info: org.openqa.selenium.chrome.ChromeDriver
Capabilities [{mobileEmulationEnabled=false, timeouts={implicit=0.0, pageLoad=300000.0, script=30000.0}, hasTouchScreen=false, platform=MAC, acceptSslCerts=false, goog:chromeOptions={debuggerAddress=localhost:56827}, acceptInsecureCerts=false, webStorageEnabled=true, browserName=chrome, takesScreenshot=true, javascriptEnabled=true, setWindowRect=true, unexpectedAlertBehaviour=ignore, applicationCacheEnabled=false, rotatable=false, networkConnectionEnabled=false, chrome={chromedriverVersion=2.46.628411 (3324f4c8be9ff2f70a05a30ebc72ffb013e1a71e), userDataDir=/var/folders/tv/k44ynnrn7_db__2ytmglr01h0000gn/T/.org.chromium.Chromium.4eeQq1}, takesHeapSnapshot=true, pageLoadStrategy=normal, strictFileInteractability=false, databaseEnabled=false, handlesAlerts=true, version=72.0.3626.121, browserConnectionEnabled=false, proxy=Proxy(), nativeEvents=true, locationContextEnabled=true, cssSelectorsEnabled=true}]
Session ID: a80e298e14ed1158834f019861fd4788
*** Element info: {Using=css selector, value=#ap_email}
at org.openqa.selenium.remote.ErrorHandler.createThrowable(ErrorHandler.java:215)
at org.openqa.selenium.remote.ErrorHandler.throwIfResponseFailed(ErrorHandler.java:167)
at org.openqa.selenium.remote.RemoteWebDriver.execute(RemoteWebDriver.java:671)
at org.openqa.selenium.remote.RemoteWebDriver.findElement(RemoteWebDriver.java:410)
at org.openqa.selenium.remote.RemoteWebDriver.findElementByCssSelector(RemoteWebDriver.java:501)
at org.openqa.selenium.By$ByCssSelector.findElement(By.java:430)
at org.openqa.selenium.remote.RemoteWebDriver.findElement(RemoteWebDriver.java:402)
at AmazonMain.Sigin(AmazonMain.java:22)
at AmazonTest.testSignin(AmazonTest.java:12)
... Removed 38 stack frames]]>
    </failure>
  </testcase> <!-- testSignin -->
  <testcase name="testWarehousedeals" time="3.323" classname="AmazonTest"/>
  <testcase name="testcategorieBaby" time="3.755" classname="AmazonTest"/>
  <testcase name="testcategoryAppliances" time="3.441" classname="AmazonTest"/>
  <testcase name="testdeliverto" time="1.519" classname="AmazonTest"/>
  <testcase name="testgobackandforthSearch" time="4.255" classname="AmazonTest"/>
  <testcase name="testitemsofBoys" time="4.796" classname="AmazonTest"/>
  <testcase name="testitemsofGirls" time="7.427" classname="AmazonTest"/>
  <testcase name="testitemsofMen" time="8.191" classname="AmazonTest"/>
  <testcase name="testitemsofwomen" time="13.205" classname="AmazonTest"/>
  <testcase name="testsearchDifferentitems" time="1.02" classname="AmazonTest"/>
</testsuite>
